<?xml version="1.0" encoding="UTF-8"?>
<robot generator="Robot 7.1.1 (Python 3.12.8 on win32)" generated="2024-12-16T10:06:19.346009" rpa="false" schemaversion="5">
<suite id="s1" name="Login Test" source="c:\Users\LENOVO\Documents\Development\robot_project\test\login_test.robot">
<kw name="Open Browser" owner="SeleniumLibrary" type="SETUP">
<msg time="2024-12-16T10:06:19.720072" level="INFO">Opening browser 'chrome' to base url 'None'.</msg>
<arg>browser=chrome</arg>
<doc>Opens a new browser instance to the optional ``url``.</doc>
<status status="PASS" start="2024-12-16T10:06:19.720072" elapsed="1.435410"/>
</kw>
<test id="s1-t1" name="Successful login" line="11">
<kw name="I navigate to the login page" owner="login_keywords">
<kw name="Go To" owner="SeleniumLibrary">
<msg time="2024-12-16T10:06:21.159936" level="INFO">Opening url 'https://www.saucedemo.com/'</msg>
<arg>${URL}</arg>
<doc>Navigates the current browser window to the provided ``url``.</doc>
<status status="PASS" start="2024-12-16T10:06:21.158431" elapsed="0.629452"/>
</kw>
<arg>${URL}</arg>
<status status="PASS" start="2024-12-16T10:06:21.156478" elapsed="0.632408"/>
</kw>
<kw name="Input correct credentials" owner="login_keywords">
<kw name="Wait Until Element Is Visible" owner="SeleniumLibrary">
<arg>id=user-name</arg>
<doc>Waits until the element ``locator`` is visible.</doc>
<status status="PASS" start="2024-12-16T10:06:21.789883" elapsed="0.076274"/>
</kw>
<kw name="Input Text" owner="SeleniumLibrary">
<msg time="2024-12-16T10:06:21.871473" level="INFO">Typing text 'visual_user' into text field 'id=user-name'.</msg>
<arg>id=user-name</arg>
<arg>${LOGIN_DATA["correctdata"]["username"]}</arg>
<doc>Types the given ``text`` into the text field identified by ``locator``.</doc>
<status status="PASS" start="2024-12-16T10:06:21.866157" elapsed="0.248735"/>
</kw>
<kw name="Input Text" owner="SeleniumLibrary">
<msg time="2024-12-16T10:06:22.115894" level="INFO">Typing text 'secret_sauce' into text field 'id=password'.</msg>
<arg>id=password</arg>
<arg>${LOGIN_DATA["correctdata"]["password"]}</arg>
<doc>Types the given ``text`` into the text field identified by ``locator``.</doc>
<status status="PASS" start="2024-12-16T10:06:22.115894" elapsed="0.123619"/>
</kw>
<status status="PASS" start="2024-12-16T10:06:21.788886" elapsed="0.451625"/>
</kw>
<kw name="I click on the login button" owner="login_keywords">
<kw name="Click Button" owner="SeleniumLibrary">
<msg time="2024-12-16T10:06:22.242503" level="INFO">Clicking button 'id=login-button'.</msg>
<arg>id=login-button</arg>
<doc>Clicks the button identified by ``locator``.</doc>
<status status="PASS" start="2024-12-16T10:06:22.242503" elapsed="0.138659"/>
</kw>
<status status="PASS" start="2024-12-16T10:06:22.241508" elapsed="0.139654"/>
</kw>
<kw name="I see the home page" owner="login_keywords">
<kw name="Get Location" owner="SeleniumLibrary">
<msg time="2024-12-16T10:06:22.400571" level="INFO">${location} = https://www.saucedemo.com/inventory.html</msg>
<var>${location}</var>
<doc>Returns the current browser window URL.</doc>
<status status="PASS" start="2024-12-16T10:06:22.384176" elapsed="0.016395"/>
</kw>
<kw name="Should Be Equal" owner="BuiltIn">
<arg>${location}</arg>
<arg>https://www.saucedemo.com/inventory.html</arg>
<doc>Fails if the given objects are unequal.</doc>
<status status="PASS" start="2024-12-16T10:06:22.400571" elapsed="0.001238"/>
</kw>
<status status="PASS" start="2024-12-16T10:06:22.383669" elapsed="0.019629"/>
</kw>
<status status="PASS" start="2024-12-16T10:06:21.155482" elapsed="1.248820"/>
</test>
<test id="s1-t2" name="Unsuccessful login - No credentials" line="16">
<kw name="I navigate to the login page" owner="login_keywords">
<kw name="Go To" owner="SeleniumLibrary">
<msg time="2024-12-16T10:06:22.410058" level="INFO">Opening url 'https://www.saucedemo.com/'</msg>
<arg>${URL}</arg>
<doc>Navigates the current browser window to the provided ``url``.</doc>
<status status="PASS" start="2024-12-16T10:06:22.410058" elapsed="0.174006"/>
</kw>
<arg>${URL}</arg>
<status status="PASS" start="2024-12-16T10:06:22.409059" elapsed="0.177037"/>
</kw>
<kw name="No input credentials" owner="login_keywords">
<kw name="Wait Until Element Is Visible" owner="SeleniumLibrary">
<arg>id=user-name</arg>
<doc>Waits until the element ``locator`` is visible.</doc>
<status status="PASS" start="2024-12-16T10:06:22.589085" elapsed="0.032649"/>
</kw>
<status status="PASS" start="2024-12-16T10:06:22.588092" elapsed="0.035144"/>
</kw>
<kw name="I click on the login button" owner="login_keywords">
<kw name="Click Button" owner="SeleniumLibrary">
<msg time="2024-12-16T10:06:22.625588" level="INFO">Clicking button 'id=login-button'.</msg>
<arg>id=login-button</arg>
<doc>Clicks the button identified by ``locator``.</doc>
<status status="PASS" start="2024-12-16T10:06:22.625311" elapsed="0.095178"/>
</kw>
<status status="PASS" start="2024-12-16T10:06:22.624052" elapsed="0.096437"/>
</kw>
<kw name="I see the expect error message" owner="login_keywords">
<kw name="Wait Until Element Contains" owner="SeleniumLibrary">
<arg>class=error-message-container</arg>
<arg>${ERROR_MESSAGE}</arg>
<doc>Waits until the element ``locator`` contains ``text``.</doc>
<status status="PASS" start="2024-12-16T10:06:22.722484" elapsed="0.031573"/>
</kw>
<arg>${ERROR_MESSAGE["nocredentials"]}</arg>
<status status="PASS" start="2024-12-16T10:06:22.721488" elapsed="0.033097"/>
</kw>
<status status="PASS" start="2024-12-16T10:06:22.407240" elapsed="0.347345"/>
</test>
<test id="s1-t3" name="Unsuccessful login - No username" line="22">
<kw name="I navigate to the login page" owner="login_keywords">
<kw name="Go To" owner="SeleniumLibrary">
<msg time="2024-12-16T10:06:22.758409" level="INFO">Opening url 'https://www.saucedemo.com/'</msg>
<arg>${URL}</arg>
<doc>Navigates the current browser window to the provided ``url``.</doc>
<status status="PASS" start="2024-12-16T10:06:22.757377" elapsed="0.069558"/>
</kw>
<arg>${URL}</arg>
<status status="PASS" start="2024-12-16T10:06:22.756581" elapsed="0.071358"/>
</kw>
<kw name="Input only password" owner="login_keywords">
<kw name="Wait Until Element Is Visible" owner="SeleniumLibrary">
<arg>id=user-name</arg>
<doc>Waits until the element ``locator`` is visible.</doc>
<status status="PASS" start="2024-12-16T10:06:22.829966" elapsed="0.018343"/>
</kw>
<kw name="Input Text" owner="SeleniumLibrary">
<msg time="2024-12-16T10:06:22.848309" level="INFO">Typing text 'secret_sauce' into text field 'id=password'.</msg>
<arg>id=password</arg>
<arg>${LOGIN_DATA["correctdata"]["password"]}</arg>
<doc>Types the given ``text`` into the text field identified by ``locator``.</doc>
<status status="PASS" start="2024-12-16T10:06:22.848309" elapsed="0.107039"/>
</kw>
<status status="PASS" start="2024-12-16T10:06:22.827939" elapsed="0.127940"/>
</kw>
<kw name="I click on the login button" owner="login_keywords">
<kw name="Click Button" owner="SeleniumLibrary">
<msg time="2024-12-16T10:06:22.956889" level="INFO">Clicking button 'id=login-button'.</msg>
<arg>id=login-button</arg>
<doc>Clicks the button identified by ``locator``.</doc>
<status status="PASS" start="2024-12-16T10:06:22.956889" elapsed="0.069467"/>
</kw>
<status status="PASS" start="2024-12-16T10:06:22.955879" elapsed="0.070477"/>
</kw>
<kw name="I see the expect error message" owner="login_keywords">
<kw name="Wait Until Element Contains" owner="SeleniumLibrary">
<arg>class=error-message-container</arg>
<arg>${ERROR_MESSAGE}</arg>
<doc>Waits until the element ``locator`` contains ``text``.</doc>
<status status="PASS" start="2024-12-16T10:06:23.028349" elapsed="0.018874"/>
</kw>
<arg>${ERROR_MESSAGE["nousername"]}</arg>
<status status="PASS" start="2024-12-16T10:06:23.027353" elapsed="0.019870"/>
</kw>
<status status="PASS" start="2024-12-16T10:06:22.755585" elapsed="0.292636"/>
</test>
<test id="s1-t4" name="Unsuccessful login - No password" line="28">
<kw name="I navigate to the login page" owner="login_keywords">
<kw name="Go To" owner="SeleniumLibrary">
<msg time="2024-12-16T10:06:23.051214" level="INFO">Opening url 'https://www.saucedemo.com/'</msg>
<arg>${URL}</arg>
<doc>Navigates the current browser window to the provided ``url``.</doc>
<status status="PASS" start="2024-12-16T10:06:23.050214" elapsed="0.067962"/>
</kw>
<arg>${URL}</arg>
<status status="PASS" start="2024-12-16T10:06:23.050214" elapsed="0.068959"/>
</kw>
<kw name="Input only username" owner="login_keywords">
<kw name="Wait Until Element Is Visible" owner="SeleniumLibrary">
<arg>id=user-name</arg>
<doc>Waits until the element ``locator`` is visible.</doc>
<status status="PASS" start="2024-12-16T10:06:23.121666" elapsed="0.021520"/>
</kw>
<kw name="Input Text" owner="SeleniumLibrary">
<msg time="2024-12-16T10:06:23.144689" level="INFO">Typing text 'visual_user' into text field 'id=user-name'.</msg>
<arg>id=user-name</arg>
<arg>${LOGIN_DATA["correctdata"]["username"]}</arg>
<doc>Types the given ``text`` into the text field identified by ``locator``.</doc>
<status status="PASS" start="2024-12-16T10:06:23.144186" elapsed="0.103279"/>
</kw>
<status status="PASS" start="2024-12-16T10:06:23.121666" elapsed="0.125799"/>
</kw>
<kw name="I click on the login button" owner="login_keywords">
<kw name="Click Button" owner="SeleniumLibrary">
<msg time="2024-12-16T10:06:23.249458" level="INFO">Clicking button 'id=login-button'.</msg>
<arg>id=login-button</arg>
<doc>Clicks the button identified by ``locator``.</doc>
<status status="PASS" start="2024-12-16T10:06:23.248461" elapsed="0.073902"/>
</kw>
<status status="PASS" start="2024-12-16T10:06:23.248461" elapsed="0.074899"/>
</kw>
<kw name="I see the expect error message" owner="login_keywords">
<kw name="Wait Until Element Contains" owner="SeleniumLibrary">
<arg>class=error-message-container</arg>
<arg>${ERROR_MESSAGE}</arg>
<doc>Waits until the element ``locator`` contains ``text``.</doc>
<status status="PASS" start="2024-12-16T10:06:23.326163" elapsed="0.017877"/>
</kw>
<arg>${ERROR_MESSAGE["nopassword"]}</arg>
<status status="PASS" start="2024-12-16T10:06:23.325157" elapsed="0.018883"/>
</kw>
<status status="PASS" start="2024-12-16T10:06:23.049218" elapsed="0.295861"/>
</test>
<test id="s1-t5" name="Unsuccessful login - Wrong credentials" line="34">
<kw name="I navigate to the login page" owner="login_keywords">
<kw name="Go To" owner="SeleniumLibrary">
<msg time="2024-12-16T10:06:23.348273" level="INFO">Opening url 'https://www.saucedemo.com/'</msg>
<arg>${URL}</arg>
<doc>Navigates the current browser window to the provided ``url``.</doc>
<status status="PASS" start="2024-12-16T10:06:23.348273" elapsed="0.053816"/>
</kw>
<arg>${URL}</arg>
<status status="PASS" start="2024-12-16T10:06:23.347276" elapsed="0.055819"/>
</kw>
<kw name="Input incorrect credentials" owner="login_keywords">
<kw name="Wait Until Element Is Visible" owner="SeleniumLibrary">
<arg>id=user-name</arg>
<doc>Waits until the element ``locator`` is visible.</doc>
<status status="PASS" start="2024-12-16T10:06:23.405386" elapsed="0.020611"/>
</kw>
<kw name="Input Text" owner="SeleniumLibrary">
<msg time="2024-12-16T10:06:23.426994" level="INFO">Typing text 'test' into text field 'id=user-name'.</msg>
<arg>id=user-name</arg>
<arg>${LOGIN_DATA["incorrectdata"]["username"]}</arg>
<doc>Types the given ``text`` into the text field identified by ``locator``.</doc>
<status status="PASS" start="2024-12-16T10:06:23.426994" elapsed="0.075186"/>
</kw>
<kw name="Input Text" owner="SeleniumLibrary">
<msg time="2024-12-16T10:06:23.503166" level="INFO">Typing text 'test' into text field 'id=password'.</msg>
<arg>id=password</arg>
<arg>${LOGIN_DATA["incorrectdata"]["password"]}</arg>
<doc>Types the given ``text`` into the text field identified by ``locator``.</doc>
<status status="PASS" start="2024-12-16T10:06:23.502180" elapsed="0.076079"/>
</kw>
<status status="PASS" start="2024-12-16T10:06:23.404604" elapsed="0.173655"/>
</kw>
<kw name="I click on the login button" owner="login_keywords">
<kw name="Click Button" owner="SeleniumLibrary">
<msg time="2024-12-16T10:06:23.580252" level="INFO">Clicking button 'id=login-button'.</msg>
<arg>id=login-button</arg>
<doc>Clicks the button identified by ``locator``.</doc>
<status status="PASS" start="2024-12-16T10:06:23.579256" elapsed="0.061733"/>
</kw>
<status status="PASS" start="2024-12-16T10:06:23.579256" elapsed="0.061733"/>
</kw>
<kw name="I see the expect error message" owner="login_keywords">
<kw name="Wait Until Element Contains" owner="SeleniumLibrary">
<arg>class=error-message-container</arg>
<arg>${ERROR_MESSAGE}</arg>
<doc>Waits until the element ``locator`` contains ``text``.</doc>
<status status="PASS" start="2024-12-16T10:06:23.643487" elapsed="0.014245"/>
</kw>
<arg>${ERROR_MESSAGE["wrongcredentials"]}</arg>
<status status="PASS" start="2024-12-16T10:06:23.642014" elapsed="0.015718"/>
</kw>
<status status="PASS" start="2024-12-16T10:06:23.346258" elapsed="0.311474"/>
</test>
<status status="PASS" start="2024-12-16T10:06:19.351027" elapsed="4.307737"/>
</suite>
<statistics>
<total>
<stat pass="5" fail="0" skip="0">All Tests</stat>
</total>
<tag>
</tag>
<suite>
<stat pass="5" fail="0" skip="0" id="s1" name="Login Test">Login Test</stat>
</suite>
</statistics>
<errors>
</errors>
</robot>
